360FloatWindowDemo/app/build/intermediates/manifest_merge_blame_file/release/manifest-merger-blame-release-report.txt
1<?xml version="1.0" encoding="utf-8"?>
2<manifest xmlns:android="http://schemas.android.com/apk/res/android"
3    package="dongzhong.testforfloatingwindow"
4    android:versionCode="1"
5    android:versionName="1.4.1" >
6
7    <uses-sdk
7-->src\main\AndroidManifest.xml:15:5-17:41
8        android:minSdkVersion="24"
8-->src\main\AndroidManifest.xml:16:9-35
9        android:targetSdkVersion="24" />
9-->src\main\AndroidManifest.xml:17:9-38
10
11    <uses-permission android:name="android.permission.SYSTEM_ALERT_WINDOW" />
11-->src\main\AndroidManifest.xml:6:5-78
11-->src\main\AndroidManifest.xml:6:22-75
12    <uses-permission android:name="android.permission.INTERNET" />
12-->src\main\AndroidManifest.xml:7:5-67
12-->src\main\AndroidManifest.xml:7:22-64
13    <uses-permission android:name="android.permission.SYSTEM_ALERT_WINDOW" />
13-->src\main\AndroidManifest.xml:6:5-78
13-->src\main\AndroidManifest.xml:6:22-75
14
15    <!-- 在SDCard中创建与删除文件权限 -->
16    <!-- <uses-permission android:name="android.permission.MOUNT_UNMOUNT_FILESYSTEMS"/> -->
17    <!-- 往SDCard写入数据权限 -->
18    <uses-permission android:name="android.permission.WRITE_EXTERNAL_STORAGE" />
18-->src\main\AndroidManifest.xml:13:5-80
18-->src\main\AndroidManifest.xml:13:22-78
19
20    <application
20-->src\main\AndroidManifest.xml:19:5-37:19
21        android:allowBackup="true"
21-->src\main\AndroidManifest.xml:20:9-35
22        android:extractNativeLibs="false"
23        android:icon="@mipmap/ic_launcher"
23-->src\main\AndroidManifest.xml:21:9-43
24        android:label="@string/app_name"
24-->src\main\AndroidManifest.xml:22:9-41
25        android:supportsRtl="true"
25-->src\main\AndroidManifest.xml:24:9-35
26        android:theme="@style/AppTheme" >
26-->src\main\AndroidManifest.xml:23:9-40
27        <activity
27-->src\main\AndroidManifest.xml:25:9-34:20
28            android:name="com.demo.floatwindowdemo.MainActivity"
28-->src\main\AndroidManifest.xml:26:13-65
29            android:exported="true"
29-->src\main\AndroidManifest.xml:28:13-36
30            android:label="@string/app_name" >
30-->src\main\AndroidManifest.xml:27:13-45
31            <intent-filter>
31-->src\main\AndroidManifest.xml:29:13-33:29
32                <action android:name="android.intent.action.MAIN" />
32-->src\main\AndroidManifest.xml:30:17-69
32-->src\main\AndroidManifest.xml:30:25-66
33
34                <category android:name="android.intent.category.LAUNCHER" />
34-->src\main\AndroidManifest.xml:32:17-77
34-->src\main\AndroidManifest.xml:32:27-74
35            </intent-filter>
36        </activity>
37
38        <service android:name="com.demo.floatwindowdemo.FloatWindowService" />
38-->src\main\AndroidManifest.xml:36:9-63
38-->src\main\AndroidManifest.xml:36:18-52
39
40        <meta-data
40-->[com.android.support:appcompat-v7:26.1.0] AndroidManifest.xml:26:9-28:38
41            android:name="android.support.VERSION"
41-->[com.android.support:appcompat-v7:26.1.0] AndroidManifest.xml:27:13-51
42            android:value="26.1.0" />
42-->[com.android.support:appcompat-v7:26.1.0] AndroidManifest.xml:28:13-35
43        <meta-data
43-->[android.arch.lifecycle:runtime:1.0.0] AndroidManifest.xml:25:9-27:47
44            android:name="android.arch.lifecycle.VERSION"
44-->[android.arch.lifecycle:runtime:1.0.0] AndroidManifest.xml:26:13-58
45            android:value="27.0.0-SNAPSHOT" />
45-->[android.arch.lifecycle:runtime:1.0.0] AndroidManifest.xml:27:13-44
46    </application>
47
48</manifest>